[2025-11-15T10:34:11.069Z] [ERROR] API Error fetching navigation data: | meta: {"length":163,"name":"error","severity":"FATAL","code":"28000","file":"auth.c","line":"541","routine":"ClientAuthentication"}
[2025-11-15T10:34:11.075Z] [ERROR] Error fetching top selling: | meta: {"error":{"length":163,"name":"error","severity":"FATAL","code":"28000","file":"auth.c","line":"541","routine":"ClientAuthentication"}}
[2025-11-15T10:34:30.054Z] [ERROR] API Error fetching navigation data: | meta: {"length":163,"name":"error","severity":"FATAL","code":"28000","file":"auth.c","line":"541","routine":"ClientAuthentication"}
[2025-11-15T10:34:30.067Z] [ERROR] Error fetching top selling: | meta: {"error":{"length":163,"name":"error","severity":"FATAL","code":"28000","file":"auth.c","line":"541","routine":"ClientAuthentication"}}
[2025-11-15T10:35:25.029Z] [ERROR] API Error fetching products page data: | meta: {"length":163,"name":"error","severity":"FATAL","code":"28000","file":"auth.c","line":"541","routine":"ClientAuthentication"}
[2025-11-15T10:35:25.549Z] [ERROR] API Error fetching products page data: | meta: {"length":163,"name":"error","severity":"FATAL","code":"28000","file":"auth.c","line":"541","routine":"ClientAuthentication"}
[2025-11-15T10:37:39.481Z] [ERROR] Error fetching top selling: | meta: {"error":{"length":163,"name":"error","severity":"FATAL","code":"28000","file":"auth.c","line":"541","routine":"ClientAuthentication"}}
[2025-11-15T10:37:39.980Z] [ERROR] Error fetching top selling: | meta: {"error":{"length":163,"name":"error","severity":"FATAL","code":"28000","file":"auth.c","line":"541","routine":"ClientAuthentication"}}
[2025-11-15T10:53:33.863Z] [DEBUG] UID: 32 Role Value (Order_Mgr) = true
[2025-11-15T10:53:38.314Z] [DEBUG] UID: 32 Role Value (Order_Mgr) = true
[2025-11-15T11:11:47.657Z] [DEBUG] UID: 32 Role Value (Dashboard) = true
[2025-11-15T11:11:47.659Z] [DEBUG] UID: 32 Role Value (Dashboard) = true
[2025-11-15T11:11:55.021Z] [DEBUG] UID: 32 Role Value (Dashboard) = true
[2025-11-15T11:11:55.024Z] [DEBUG] UID: 32 Role Value (Dashboard) = true
[2025-11-15T11:11:55.372Z] [DEBUG] UID: 32 Role Value (Dashboard) = true
[2025-11-15T11:11:55.376Z] [DEBUG] UID: 32 Role Value (Dashboard) = true
[2025-11-15T11:11:55.475Z] [DEBUG] UID: 32 Role Value (Dashboard) = true
[2025-11-15T11:11:55.477Z] [DEBUG] UID: 32 Role Value (Dashboard) = true
[2025-11-15T11:13:22.292Z] [DEBUG] UID: 32 Role Value (Order_Mgr) = true
[2025-11-15T11:13:25.503Z] [DEBUG] UID: 32 Role Value (Order_Mgr) = true
[2025-11-15T11:13:30.087Z] [DEBUG] UID: 32 Role Value (Stock_Mgr) = true
[2025-11-15T11:14:43.994Z] [DEBUG] UID: 32 Role Value (Order_Mgr) = true
[2025-11-15T11:21:31.962Z] [DEBUG] UID: 32 Role Value (Order_Mgr) = true
[2025-11-15T11:21:34.149Z] [DEBUG] UID: 32 Role Value (Order_Mgr) = true
[2025-11-15T11:21:44.182Z] [DEBUG] UID: 32 Role Value (Order_Mgr) = true
[2025-11-15T11:22:27.721Z] [DEBUG] UID: 32 Role Value (Order_Mgr) = true
[2025-11-15T11:25:18.621Z] [DEBUG] UID: 32 Role Value (Order_Mgr) = true
[2025-11-15T11:25:51.430Z] [DEBUG] UID: 32 Role Value (Order_Mgr) = true
[2025-11-15T11:26:05.666Z] [DEBUG] UID: 32 Role Value (Stock_Mgr) = true
[2025-11-15T11:26:09.836Z] [DEBUG] UID: 32 Role Value (Stock_Mgr) = true
[2025-11-15T11:26:17.244Z] [DEBUG] UID: 32 Role Value (Order_Mgr) = true
[2025-11-15T11:26:18.018Z] [DEBUG] UID: 32 Role Value (Order_Mgr) = true
[2025-11-15T11:26:32.761Z] [DEBUG] UID: 32 Role Value (Stock_Mgr) = true
[2025-11-15T11:26:38.124Z] [DEBUG] UID: 32 Role Value (Order_Mgr) = true
[2025-11-15T11:26:38.895Z] [DEBUG] UID: 32 Role Value (Order_Mgr) = true
[2025-11-15T11:30:54.307Z] [DEBUG] UID: 32 Role Value (Order_Mgr) = true
[2025-11-15T12:20:16.028Z] [DEBUG] UID: 32 Role Value (Dashboard) = true
[2025-11-15T12:20:16.035Z] [DEBUG] UID: 32 Role Value (Dashboard) = true
[2025-11-15T12:20:19.430Z] [DEBUG] UID: 32 Role Value (Dashboard) = true
[2025-11-15T12:20:19.791Z] [DEBUG] UID: 32 Role Value (Dashboard) = true
[2025-11-15T12:20:19.793Z] [DEBUG] UID: 32 Role Value (Dashboard) = true
[2025-11-15T12:20:19.844Z] [DEBUG] UID: 32 Role Value (Dashboard) = true
[2025-11-15T12:20:19.846Z] [DEBUG] UID: 32 Role Value (Dashboard) = true
[2025-11-15T12:20:19.989Z] [DEBUG] UID: 32 Role Value (Dashboard) = true
[2025-11-15T12:20:42.914Z] [DEBUG] UID: 32 Role Value (Order_Mgr) = true
[2025-11-15T12:21:12.189Z] [DEBUG] UID: 32 Role Value (Stock_Mgr) = true
[2025-11-15T12:21:16.341Z] [DEBUG] UID: 32 Role Value (Stock_Mgr) = true
[2025-11-15T12:21:52.411Z] [DEBUG] UID: 32 Role Value (Order_Mgr) = true
[2025-11-15T12:21:54.977Z] [DEBUG] UID: 32 Role Value (Order_Mgr) = true
[2025-11-15T12:22:15.805Z] [DEBUG] UID: 32 Role Value (Order_Mgr) = true
[2025-11-15T12:22:18.558Z] [DEBUG] UID: 32 Role Value (Order_Mgr) = true
[2025-11-15T12:22:29.119Z] [DEBUG] UID: 32 Role Value (Order_Mgr) = true
[2025-11-15T12:22:31.070Z] [DEBUG] UID: 32 Role Value (Stock_Mgr) = true
[2025-11-15T12:22:47.176Z] [DEBUG] UID: 32 Role Value (Order_Mgr) = true
[2025-11-15T12:22:47.898Z] [DEBUG] UID: 32 Role Value (Order_Mgr) = true
[2025-11-15T12:23:13.002Z] [DEBUG] UID: 32 Role Value (Stock_Mgr) = true
[2025-11-15T12:27:54.417Z] [DEBUG] UID: 32 Role Value (Order_Mgr) = true
[2025-11-15T12:28:23.888Z] [DEBUG] UID: 32 Role Value (Order_Mgr) = true
[2025-11-15T12:28:57.744Z] [DEBUG] UID: 32 Role Value (Dashboard) = true
[2025-11-15T12:28:57.752Z] [DEBUG] UID: 32 Role Value (Dashboard) = true
[2025-11-15T12:28:58.660Z] [DEBUG] UID: 32 Role Value (Dashboard) = true
[2025-11-15T12:28:58.710Z] [DEBUG] UID: 32 Role Value (Dashboard) = true
[2025-11-15T12:28:58.715Z] [DEBUG] UID: 32 Role Value (Dashboard) = true
[2025-11-15T12:28:58.750Z] [DEBUG] UID: 32 Role Value (Dashboard) = true
[2025-11-15T12:28:59.209Z] [DEBUG] UID: 32 Role Value (Dashboard) = true
[2025-11-15T12:28:59.823Z] [DEBUG] UID: 32 Role Value (Dashboard) = true
[2025-11-15T12:29:02.141Z] [DEBUG] UID: 32 Role Value (Order_Mgr) = true
[2025-11-15T12:29:27.682Z] [DEBUG] UID: 32 Role Value (Order_Mgr) = true
[2025-11-15T12:29:46.516Z] [DEBUG] UID: 32 Role Value (Order_Mgr) = true
[2025-11-15T12:30:04.957Z] [DEBUG] UID: 32 Role Value (Order_Mgr) = true
[2025-11-15T12:30:06.846Z] [DEBUG] UID: 32 Role Value (Order_Mgr) = true
[2025-11-15T12:30:16.213Z] [DEBUG] UID: 32 Role Value (Order_Mgr) = true
[2025-11-15T12:30:40.667Z] [DEBUG] UID: 32 Role Value (Order_Mgr) = true
[2025-11-15T12:30:42.376Z] [DEBUG] UID: 32 Role Value (Order_Mgr) = true
[2025-11-15T12:30:57.179Z] [DEBUG] UID: 32 Role Value (Order_Mgr) = true
[2025-11-15T12:30:59.002Z] [DEBUG] UID: 32 Role Value (Stock_Mgr) = true
[2025-11-15T12:31:18.405Z] [DEBUG] UID: 32 Role Value (Order_Mgr) = true
[2025-11-15T12:31:19.135Z] [DEBUG] UID: 32 Role Value (Order_Mgr) = true
[2025-11-15T12:31:39.361Z] [DEBUG] UID: 32 Role Value (Stock_Mgr) = true
[2025-11-15T12:31:49.617Z] [DEBUG] UID: 32 Role Value (Stock_Mgr) = true
[2025-11-15T12:31:52.806Z] [DEBUG] UID: 32 Role Value (Order_Mgr) = true
[2025-11-15T12:31:53.510Z] [DEBUG] UID: 32 Role Value (Order_Mgr) = true
[2025-11-15T12:32:03.584Z] [DEBUG] UID: 32 Role Value (Order_Mgr) = true
[2025-11-15T12:32:12.604Z] [DEBUG] UID: 32 Role Value (Order_Mgr) = true
[2025-11-15T12:32:21.148Z] [DEBUG] UID: 32 Role Value (Order_Mgr) = true
[2025-11-15T12:32:32.660Z] [DEBUG] UID: 32 Role Value (Order_Mgr) = true
[2025-11-15T12:32:53.081Z] [DEBUG] UID: 32 Role Value (Order_Mgr) = true
[2025-11-15T12:33:14.403Z] [DEBUG] UID: 32 Role Value (Order_Mgr) = true
[2025-11-15T12:33:36.832Z] [DEBUG] UID: 32 Role Value (Order_Mgr) = true
[2025-11-15T12:33:57.799Z] [DEBUG] UID: 32 Role Value (Order_Mgr) = true
[2025-11-15T12:34:21.122Z] [DEBUG] UID: 32 Role Value (Order_Mgr) = true
[2025-11-15T12:34:48.670Z] [DEBUG] UID: 32 Role Value (Stock_Mgr) = true
[2025-11-15T12:36:08.670Z] [DEBUG] UID: 32 Role Value (Order_Mgr) = true
[2025-11-15T12:36:37.892Z] [DEBUG] UID: 32 Role Value (Order_Mgr) = true
[2025-11-15T12:36:40.847Z] [DEBUG] UID: 32 Role Value (Stock_Mgr) = true
[2025-11-15T12:36:45.541Z] [DEBUG] UID: 32 Role Value (Order_Mgr) = true
[2025-11-15T12:38:43.213Z] [DEBUG] UID: 32 Role Value (Order_Mgr) = true
[2025-11-15T12:39:04.638Z] [DEBUG] UID: 32 Role Value (Order_Mgr) = true
[2025-11-15T12:39:18.793Z] [DEBUG] UID: 32 Role Value (Order_Mgr) = true
[2025-11-15T12:39:40.766Z] [DEBUG] UID: 32 Role Value (Stock_Mgr) = true
[2025-11-15T12:39:45.813Z] [DEBUG] UID: 32 Role Value (Order_Mgr) = true
[2025-11-15T12:39:46.525Z] [DEBUG] UID: 32 Role Value (Order_Mgr) = true
[2025-11-15T12:40:44.238Z] [DEBUG] UID: 32 Role Value (Order_Mgr) = true
[2025-11-15T12:42:02.514Z] [DEBUG] UID: 32 Role Value (Order_Mgr) = true
[2025-11-15T12:42:28.777Z] [DEBUG] UID: 32 Role Value (Stock_Mgr) = true
[2025-11-15T12:42:40.816Z] [DEBUG] UID: 32 Role Value (Order_Mgr) = true
[2025-11-15T12:42:41.977Z] [DEBUG] UID: 32 Role Value (Order_Mgr) = true
[2025-11-15T12:43:02.783Z] [DEBUG] UID: 32 Role Value (Order_Mgr) = true
[2025-11-15T12:43:23.192Z] [DEBUG] UID: 32 Role Value (Order_Mgr) = true
[2025-11-15T12:43:51.223Z] [DEBUG] UID: 32 Role Value (Order_Mgr) = true
[2025-11-15T12:43:57.179Z] [DEBUG] UID: 32 Role Value (Order_Mgr) = true
[2025-11-15T12:44:15.559Z] [DEBUG] UID: 32 Role Value (Stock_Mgr) = true
[2025-11-15T12:44:21.939Z] [DEBUG] UID: 32 Role Value (Stock_Mgr) = true
[2025-11-15T12:44:22.980Z] [DEBUG] UID: 32 Role Value (Order_Mgr) = true
[2025-11-15T12:44:24.115Z] [DEBUG] UID: 32 Role Value (Order_Mgr) = true
[2025-11-15T12:45:02.779Z] [DEBUG] UID: 32 Role Value (Stock_Mgr) = true
[2025-11-15T12:45:03.814Z] [DEBUG] UID: 32 Role Value (Order_Mgr) = true
[2025-11-15T12:45:04.512Z] [DEBUG] UID: 32 Role Value (Order_Mgr) = true
[2025-11-15T12:45:56.952Z] [DEBUG] UID: 32 Role Value (Order_Mgr) = true
[2025-11-15T12:46:23.240Z] [DEBUG] UID: 32 Role Value (Order_Mgr) = true
[2025-11-15T12:53:39.690Z] [DEBUG] UID: 32 Role Value (Order_Mgr) = true
[2025-11-15T12:53:47.358Z] [DEBUG] UID: 32 Role Value (Order_Mgr) = true
[2025-11-15T12:54:07.749Z] [DEBUG] UID: 32 Role Value (Order_Mgr) = true
[2025-11-15T12:54:32.157Z] [DEBUG] UID: 32 Role Value (Order_Mgr) = true
[2025-11-15T12:55:14.222Z] [DEBUG] UID: 32 Role Value (Stock_Mgr) = true
[2025-11-15T12:55:14.407Z] [DEBUG] UID: 32 Role Value (Order_Mgr) = true
[2025-11-15T12:55:30.834Z] [DEBUG] UID: 32 Role Value (Order_Mgr) = true
[2025-11-15T12:55:59.176Z] [DEBUG] UID: 32 Role Value (Order_Mgr) = true
[2025-11-15T12:56:30.368Z] [DEBUG] UID: 32 Role Value (Order_Mgr) = true
[2025-11-15T12:56:57.442Z] [DEBUG] UID: 32 Role Value (Order_Mgr) = true
[2025-11-15T12:57:21.123Z] [DEBUG] UID: 32 Role Value (Order_Mgr) = true
[2025-11-15T12:57:45.453Z] [DEBUG] UID: 32 Role Value (Order_Mgr) = true
[2025-11-15T12:58:13.665Z] [DEBUG] UID: 32 Role Value (Order_Mgr) = true
[2025-11-15T12:58:35.460Z] [DEBUG] UID: 32 Role Value (Order_Mgr) = true
[2025-11-15T12:59:02.468Z] [DEBUG] UID: 32 Role Value (Stock_Mgr) = true
[2025-11-15T12:59:02.763Z] [DEBUG] UID: 32 Role Value (Order_Mgr) = true
[2025-11-15T12:59:19.886Z] [DEBUG] UID: 32 Role Value (Order_Mgr) = true
[2025-11-15T12:59:22.018Z] [DEBUG] UID: 32 Role Value (Dashboard) = true
[2025-11-15T12:59:22.028Z] [DEBUG] UID: 32 Role Value (Dashboard) = true
[2025-11-15T12:59:23.987Z] [DEBUG] UID: 32 Role Value (Dashboard) = true
[2025-11-15T12:59:24.079Z] [DEBUG] UID: 32 Role Value (Dashboard) = true
[2025-11-15T12:59:24.100Z] [DEBUG] UID: 32 Role Value (Dashboard) = true
[2025-11-15T12:59:24.703Z] [DEBUG] UID: 32 Role Value (Dashboard) = true
[2025-11-15T12:59:24.929Z] [DEBUG] UID: 32 Role Value (Dashboard) = true
[2025-11-15T12:59:25.885Z] [DEBUG] UID: 32 Role Value (Dashboard) = true
[2025-11-15T12:59:39.974Z] [DEBUG] UID: 32 Role Value (Order_Mgr) = true
[2025-11-15T12:59:51.955Z] [DEBUG] UID: 32 Role Value (Order_Mgr) = true
[2025-11-15T13:00:03.158Z] [DEBUG] UID: 32 Role Value (Stock_Mgr) = true
[2025-11-15T13:00:03.366Z] [DEBUG] UID: 32 Role Value (Order_Mgr) = true
[2025-11-15T13:00:24.608Z] [DEBUG] UID: 32 Role Value (Order_Mgr) = true
[2025-11-15T13:00:50.573Z] [DEBUG] UID: 32 Role Value (Order_Mgr) = true
[2025-11-15T13:01:01.730Z] [DEBUG] UID: 32 Role Value (Dashboard) = true
[2025-11-15T13:01:01.762Z] [DEBUG] UID: 32 Role Value (Dashboard) = true
[2025-11-15T13:01:15.308Z] [DEBUG] UID: 32 Role Value (Order_Mgr) = true
[2025-11-15T13:01:42.035Z] [DEBUG] UID: 32 Role Value (Stock_Mgr) = true
[2025-11-15T13:01:42.284Z] [DEBUG] UID: 32 Role Value (Order_Mgr) = true
[2025-11-15T13:02:21.058Z] [DEBUG] UID: 32 Role Value (Order_Mgr) = true
[2025-11-15T13:02:58.252Z] [DEBUG] UID: 32 Role Value (Order_Mgr) = true
[2025-11-15T13:03:22.978Z] [DEBUG] UID: 32 Role Value (Order_Mgr) = true
[2025-11-15T13:14:12.662Z] [DEBUG] UID: 32 Role Value (Order_Mgr) = true
[2025-11-15T13:15:21.691Z] [DEBUG] UID: 32 Role Value (Order_Mgr) = true
[2025-11-15T13:15:23.006Z] [DEBUG] UID: 32 Role Value (Dashboard) = true
[2025-11-15T13:15:23.059Z] [DEBUG] UID: 32 Role Value (Dashboard) = true
[2025-11-15T13:15:23.091Z] [DEBUG] UID: 32 Role Value (Dashboard) = true
[2025-11-15T13:15:23.113Z] [DEBUG] UID: 32 Role Value (Dashboard) = true
[2025-11-15T13:15:25.209Z] [DEBUG] UID: 32 Role Value (Dashboard) = true
[2025-11-15T13:15:25.324Z] [DEBUG] UID: 32 Role Value (Dashboard) = true
[2025-11-15T13:15:39.258Z] [DEBUG] UID: 32 Role Value (Order_Mgr) = true
[2025-11-15T13:16:14.820Z] [DEBUG] UID: 32 Role Value (Order_Mgr) = true
[2025-11-15T13:16:33.651Z] [DEBUG] UID: 32 Role Value (Order_Mgr) = true
[2025-11-15T13:16:45.077Z] [DEBUG] UID: 32 Role Value (Order_Mgr) = true
[2025-11-15T13:16:57.038Z] [DEBUG] UID: 32 Role Value (Order_Mgr) = true
[2025-11-15T13:17:08.023Z] [DEBUG] UID: 32 Role Value (Order_Mgr) = true
[2025-11-15T13:18:33.739Z] [DEBUG] UID: 32 Role Value (Order_Mgr) = true
[2025-11-15T13:20:05.702Z] [DEBUG] UID: 32 Role Value (Stock_Mgr) = true
[2025-11-15T13:21:35.199Z] [DEBUG] UID: 32 Role Value (Stock_Mgr) = true
[2025-11-15T13:23:07.398Z] [DEBUG] UID: 32 Role Value (Stock_Mgr) = true
[2025-11-15T13:23:18.867Z] [DEBUG] UID: 32 Role Value (Order_Mgr) = true
[2025-11-15T13:30:08.524Z] [DEBUG] UID: 32 Role Value (Stock_Mgr) = true
[2025-11-15T13:30:08.580Z] [DEBUG] UID: 32 Role Value (Stock_Mgr) = true
[2025-11-15T13:30:37.866Z] [DEBUG] UID: 32 Role Value (Stock_Mgr) = true
[2025-11-15T13:30:51.132Z] [DEBUG] UID: 32 Role Value (Stock_Mgr) = true
[2025-11-15T13:30:52.664Z] [DEBUG] UID: 32 Role Value (Stock_Mgr) = true
[2025-11-15T13:33:46.721Z] [DEBUG] UID: 32 Role Value (Stock_Mgr) = true
[2025-11-15T13:34:05.256Z] [DEBUG] UID: 32 Role Value (Stock_Mgr) = true
[2025-11-15T13:34:10.475Z] [DEBUG] UID: 32 Role Value (Stock_Mgr) = true
[2025-11-16T04:28:37.045Z] [ERROR] API GET Error: | meta: "Client has encountered a connection error and is not queryable"
[2025-11-16T04:28:37.047Z] [ERROR] API GET Error: | meta: "Client has encountered a connection error and is not queryable"
