[2025-11-19T19:30:37.073Z] [DEBUG] UID: 32 Role Value (Stock_Mgr) = true
[2025-11-19T19:32:20.564Z] [DEBUG] UID: 32 Role Value (Stock_Mgr) = true
[2025-11-19T19:32:25.077Z] [DEBUG] UID: 32 Role Value (Dashboard) = true
[2025-11-19T19:32:25.081Z] [DEBUG] UID: 32 Role Value (Dashboard) = true
[2025-11-19T19:32:28.931Z] [DEBUG] UID: 32 Role Value (Dashboard) = true
[2025-11-19T19:32:28.932Z] [DEBUG] UID: 32 Role Value (Dashboard) = true
[2025-11-19T19:32:28.999Z] [DEBUG] UID: 32 Role Value (Dashboard) = true
[2025-11-19T19:32:29.001Z] [DEBUG] UID: 32 Role Value (Dashboard) = true
[2025-11-19T19:32:29.161Z] [DEBUG] UID: 32 Role Value (Dashboard) = true
[2025-11-19T19:32:29.164Z] [DEBUG] UID: 32 Role Value (Dashboard) = true
[2025-11-19T19:34:22.346Z] [DEBUG] UID: 32 Role Value (Stock_Mgr) = true
[2025-11-19T19:34:45.344Z] [DEBUG] UID: 32 Role Value (Stock_Mgr) = true
[2025-11-19T19:35:08.394Z] [DEBUG] UID: 32 Role Value (Stock_Mgr) = true
[2025-11-19T19:35:13.441Z] [DEBUG] UID: 32 Role Value (Dashboard) = true
[2025-11-19T19:35:13.447Z] [DEBUG] UID: 32 Role Value (Dashboard) = true
[2025-11-19T19:35:14.263Z] [DEBUG] UID: 32 Role Value (Dashboard) = true
[2025-11-19T19:35:14.331Z] [DEBUG] UID: 32 Role Value (Dashboard) = true
[2025-11-19T19:35:14.397Z] [DEBUG] UID: 32 Role Value (Dashboard) = true
[2025-11-19T19:35:14.435Z] [DEBUG] UID: 32 Role Value (Dashboard) = true
[2025-11-19T19:35:14.449Z] [DEBUG] UID: 32 Role Value (Dashboard) = true
[2025-11-19T19:35:14.964Z] [DEBUG] UID: 32 Role Value (Dashboard) = true
[2025-11-19T19:36:05.652Z] [DEBUG] UID: 32 Role Value (Stock_Mgr) = true
[2025-11-19T19:36:13.970Z] [DEBUG] UID: 32 Role Value (Dashboard) = true
[2025-11-19T19:36:14.038Z] [DEBUG] UID: 32 Role Value (Dashboard) = true
[2025-11-19T19:36:14.882Z] [DEBUG] UID: 32 Role Value (Dashboard) = true
[2025-11-19T19:36:14.969Z] [DEBUG] UID: 32 Role Value (Dashboard) = true
[2025-11-19T19:36:15.359Z] [DEBUG] UID: 32 Role Value (Dashboard) = true
[2025-11-19T19:36:15.373Z] [DEBUG] UID: 32 Role Value (Dashboard) = true
[2025-11-19T19:36:15.402Z] [DEBUG] UID: 32 Role Value (Dashboard) = true
[2025-11-19T19:36:15.408Z] [DEBUG] UID: 32 Role Value (Dashboard) = true
[2025-11-19T19:36:23.235Z] [DEBUG] UID: 32 Role Value (Stock_Mgr) = true
[2025-11-19T19:36:24.910Z] [DEBUG] UID: 32 Role Value (Dashboard) = true
[2025-11-19T19:36:24.924Z] [DEBUG] UID: 32 Role Value (Dashboard) = true
[2025-11-19T19:36:25.964Z] [DEBUG] UID: 32 Role Value (Dashboard) = true
[2025-11-19T19:36:25.996Z] [DEBUG] UID: 32 Role Value (Dashboard) = true
[2025-11-19T19:36:26.127Z] [DEBUG] UID: 32 Role Value (Dashboard) = true
[2025-11-19T19:36:26.189Z] [DEBUG] UID: 32 Role Value (Dashboard) = true
[2025-11-19T19:36:26.193Z] [DEBUG] UID: 32 Role Value (Dashboard) = true
[2025-11-19T19:36:26.247Z] [DEBUG] UID: 32 Role Value (Dashboard) = true
[2025-11-19T19:37:32.538Z] [DEBUG] UID: 32 Role Value (Stock_Mgr) = true
[2025-11-19T19:37:33.827Z] [DEBUG] UID: 32 Role Value (Dashboard) = true
[2025-11-19T19:37:33.835Z] [DEBUG] UID: 32 Role Value (Dashboard) = true
[2025-11-19T19:37:34.800Z] [DEBUG] UID: 32 Role Value (Dashboard) = true
[2025-11-19T19:37:34.934Z] [DEBUG] UID: 32 Role Value (Dashboard) = true
[2025-11-19T19:37:35.001Z] [DEBUG] UID: 32 Role Value (Dashboard) = true
[2025-11-19T19:37:35.024Z] [DEBUG] UID: 32 Role Value (Dashboard) = true
[2025-11-19T19:37:35.028Z] [DEBUG] UID: 32 Role Value (Dashboard) = true
[2025-11-19T19:37:35.286Z] [DEBUG] UID: 32 Role Value (Dashboard) = true
[2025-11-19T19:38:29.302Z] [DEBUG] UID: 32 Role Value (Stock_Mgr) = true
[2025-11-19T19:39:14.628Z] [DEBUG] UID: 32 Role Value (Stock_Mgr) = true
[2025-11-19T19:41:23.161Z] [DEBUG] UID: 32 Role Value (Stock_Mgr) = true
[2025-11-19T19:41:39.656Z] [DEBUG] UID: 32 Role Value (Stock_Mgr) = true
[2025-11-19T19:46:09.070Z] [DEBUG] UID: 32 Role Value (Order_Mgr) = true
[2025-11-19T19:46:09.526Z] [DEBUG] UID: 32 Role Value (Order_Mgr) = true
[2025-11-19T19:46:10.184Z] [DEBUG] UID: 32 Role Value (Order_Mgr) = true
[2025-11-19T19:46:10.617Z] [DEBUG] UID: 32 Role Value (Order_Mgr) = true
[2025-11-19T19:46:11.166Z] [DEBUG] UID: 32 Role Value (Order_Mgr) = true
[2025-11-19T19:46:11.657Z] [DEBUG] UID: 32 Role Value (Order_Mgr) = true
[2025-11-19T19:46:11.932Z] [DEBUG] UID: 32 Role Value (Order_Mgr) = true
[2025-11-19T19:46:12.152Z] [DEBUG] UID: 32 Role Value (Order_Mgr) = true
[2025-11-19T19:46:12.415Z] [DEBUG] UID: 32 Role Value (Order_Mgr) = true
[2025-11-19T19:46:12.724Z] [DEBUG] UID: 32 Role Value (Order_Mgr) = true
[2025-11-19T19:46:12.984Z] [DEBUG] UID: 32 Role Value (Order_Mgr) = true
[2025-11-19T19:46:13.146Z] [DEBUG] UID: 32 Role Value (Order_Mgr) = true
[2025-11-19T19:46:13.554Z] [DEBUG] UID: 32 Role Value (Order_Mgr) = true
[2025-11-19T19:46:14.013Z] [DEBUG] UID: 32 Role Value (Order_Mgr) = true
[2025-11-19T19:46:14.662Z] [DEBUG] UID: 32 Role Value (Order_Mgr) = true
[2025-11-19T19:46:15.357Z] [DEBUG] UID: 32 Role Value (Order_Mgr) = true
[2025-11-19T19:46:15.920Z] [DEBUG] UID: 32 Role Value (Order_Mgr) = true
[2025-11-19T19:46:16.275Z] [DEBUG] UID: 32 Role Value (Order_Mgr) = true
[2025-11-19T19:46:16.578Z] [DEBUG] UID: 32 Role Value (Order_Mgr) = true
[2025-11-19T19:48:16.847Z] [DEBUG] UID: 32 Role Value (Dashboard) = true
[2025-11-19T19:48:16.872Z] [DEBUG] UID: 32 Role Value (Dashboard) = true
[2025-11-19T19:48:17.656Z] [DEBUG] UID: 32 Role Value (Dashboard) = true
[2025-11-19T19:48:17.758Z] [DEBUG] UID: 32 Role Value (Dashboard) = true
[2025-11-19T19:48:17.838Z] [DEBUG] UID: 32 Role Value (Dashboard) = true
[2025-11-19T19:48:17.904Z] [DEBUG] UID: 32 Role Value (Dashboard) = true
[2025-11-19T19:48:17.936Z] [DEBUG] UID: 32 Role Value (Dashboard) = true
[2025-11-19T19:48:18.570Z] [DEBUG] UID: 32 Role Value (Dashboard) = true
[2025-11-19T19:48:39.134Z] [DEBUG] UID: 32 Role Value (Stock_Mgr) = true
[2025-11-19T19:50:10.386Z] [DEBUG] UID: 32 Role Value (Stock_Mgr) = true
[2025-11-19T19:51:18.364Z] [DEBUG] UID: 32 Role Value (Stock_Mgr) = true
[2025-11-19T19:51:39.169Z] [DEBUG] UID: 32 Role Value (Dashboard) = true
[2025-11-19T19:51:39.250Z] [DEBUG] UID: 32 Role Value (Dashboard) = true
[2025-11-19T19:51:39.894Z] [DEBUG] UID: 32 Role Value (Dashboard) = true
[2025-11-19T19:51:39.942Z] [DEBUG] UID: 32 Role Value (Dashboard) = true
[2025-11-19T19:51:39.974Z] [DEBUG] UID: 32 Role Value (Dashboard) = true
[2025-11-19T19:51:39.996Z] [DEBUG] UID: 32 Role Value (Dashboard) = true
[2025-11-19T19:51:39.999Z] [DEBUG] UID: 32 Role Value (Dashboard) = true
[2025-11-19T19:51:40.071Z] [DEBUG] UID: 32 Role Value (Dashboard) = true
[2025-11-19T19:52:18.069Z] [DEBUG] UID: 32 Role Value (Stock_Mgr) = true
[2025-11-19T19:52:45.859Z] [DEBUG] UID: 32 Role Value (Stock_Mgr) = true
[2025-11-19T19:53:19.246Z] [DEBUG] UID: 32 Role Value (Stock_Mgr) = true
[2025-11-19T19:53:26.844Z] [DEBUG] UID: 32 Role Value (Order_Mgr) = true
[2025-11-19T19:53:26.871Z] [ERROR] Database Error: | meta: "column \"Cancellation_Reason\" of relation \"Order\" does not exist"
[2025-11-19T19:53:26.873Z] [ERROR] API PATCH Error: | meta: "column \"Cancellation_Reason\" of relation \"Order\" does not exist"
[2025-11-19T19:53:36.597Z] [DEBUG] UID: 32 Role Value (Stock_Mgr) = true
[2025-11-19T20:10:23.381Z] [DEBUG] UID: 32 Role Value (Stock_Mgr) = true
[2025-11-19T20:10:26.325Z] [DEBUG] UID: 32 Role Value (Stock_Mgr) = true
[2025-11-19T20:10:31.779Z] [DEBUG] UID: 32 Role Value (Order_Mgr) = true
[2025-11-19T20:10:31.808Z] [ERROR] Database Error: | meta: "column \"Is_Cancelled\" of relation \"Order\" does not exist"
[2025-11-19T20:10:31.810Z] [ERROR] API PATCH Error: | meta: "column \"Is_Cancelled\" of relation \"Order\" does not exist"
[2025-11-19T21:19:30.039Z] [DEBUG] UID: 32 Role Value (Stock_Mgr) = true
[2025-11-19T21:19:32.940Z] [DEBUG] UID: 32 Role Value (Order_Mgr) = true
[2025-11-19T21:20:13.561Z] [DEBUG] UID: 32 Role Value (Stock_Mgr) = true
[2025-11-19T21:21:25.387Z] [DEBUG] UID: 32 Role Value (Stock_Mgr) = true
[2025-11-19T21:21:28.000Z] [DEBUG] UID: 32 Role Value (Order_Mgr) = true
[2025-11-19T21:21:32.872Z] [DEBUG] UID: 32 Role Value (Stock_Mgr) = true
[2025-11-19T21:34:05.807Z] [DEBUG] UID: 32 Role Value (Stock_Mgr) = true
[2025-11-19T21:34:16.593Z] [DEBUG] UID: 32 Role Value (Order_Mgr) = true
[2025-11-19T21:35:15.479Z] [DEBUG] UID: 32 Role Value (Order_Mgr) = true
[2025-11-19T21:35:25.338Z] [DEBUG] UID: 32 Role Value (Stock_Mgr) = true
[2025-11-19T21:35:32.396Z] [DEBUG] UID: 32 Role Value (Stock_Mgr) = true
[2025-11-19T21:35:33.422Z] [DEBUG] UID: 32 Role Value (Order_Mgr) = true
[2025-11-19T21:35:37.684Z] [DEBUG] UID: 32 Role Value (Stock_Mgr) = true
[2025-11-19T21:41:00.489Z] [DEBUG] UID: 32 Role Value (Dashboard) = true
[2025-11-19T21:41:00.496Z] [DEBUG] UID: 32 Role Value (Dashboard) = true
[2025-11-19T21:41:01.498Z] [DEBUG] UID: 32 Role Value (Dashboard) = true
[2025-11-19T21:41:01.506Z] [DEBUG] UID: 32 Role Value (Dashboard) = true
[2025-11-19T21:41:01.580Z] [DEBUG] UID: 32 Role Value (Dashboard) = true
[2025-11-19T21:41:01.656Z] [DEBUG] UID: 32 Role Value (Dashboard) = true
[2025-11-19T21:41:01.737Z] [DEBUG] UID: 32 Role Value (Dashboard) = true
[2025-11-19T21:41:02.533Z] [DEBUG] UID: 32 Role Value (Dashboard) = true
[2025-11-19T22:22:39.879Z] [DEBUG] UID: 32 Role Value (Stock_Mgr) = true
[2025-11-19T22:22:48.158Z] [DEBUG] UID: 32 Role Value (Stock_Mgr) = true
[2025-11-19T22:23:01.587Z] [DEBUG] UID: 32 Role Value (Stock_Mgr) = true
